<?xml version="1.0" encoding="UTF-8"?>
<testng-results ignored="0" total="1" passed="1" failed="0" skipped="0">
  <reporter-output>
  </reporter-output>
  <suite started-at="2022-08-13T16:27:20 IST" name="Default suite" finished-at="2022-08-13T16:28:48 IST" duration-ms="87981">
    <groups>
    </groups>
    <test started-at="2022-08-13T16:27:20 IST" name="Default test" finished-at="2022-08-13T16:28:48 IST" duration-ms="87981">
      <class name="swiggy.SwiggyExample">
        <test-method is-config="true" signature="setUp()[pri:0, instance:swiggy.SwiggyExample@4efc180e]" started-at="2022-08-13T16:27:20 IST" name="setUp" finished-at="2022-08-13T16:27:34 IST" duration-ms="13985" status="PASS">
          <reporter-output>
          </reporter-output>
        </test-method> <!-- setUp -->
        <test-method signature="SwiggyTest()[pri:0, instance:swiggy.SwiggyExample@4efc180e]" started-at="2022-08-13T16:27:34 IST" name="SwiggyTest" finished-at="2022-08-13T16:28:37 IST" duration-ms="63145" status="PASS">
          <reporter-output>
          </reporter-output>
        </test-method> <!-- SwiggyTest -->
        <test-method is-config="true" signature="tearDown()[pri:0, instance:swiggy.SwiggyExample@4efc180e]" started-at="2022-08-13T16:28:37 IST" name="tearDown" finished-at="2022-08-13T16:28:48 IST" duration-ms="10756" status="PASS">
          <reporter-output>
          </reporter-output>
        </test-method> <!-- tearDown -->
      </class> <!-- swiggy.SwiggyExample -->
    </test> <!-- Default test -->
  </suite> <!-- Default suite -->
</testng-results>
